update-alternatives 2017-12-01 01:43:09: run with --install /usr/bin/rename rename /usr/bin/prename 60 --slave /usr/share/man/man1/rename.1.gz rename.1.gz /usr/share/man/man1/prename.1.gz
update-alternatives 2017-12-01 01:43:09: link group rename updated to point to /usr/bin/prename
update-alternatives 2017-12-01 01:43:09: run with --install /usr/bin/lzma lzma /usr/bin/xz 20 --slave /usr/share/man/man1/lzma.1.gz lzma.1.gz /usr/share/man/man1/xz.1.gz --slave /usr/bin/unlzma unlzma /usr/bin/unxz --slave /usr/share/man/man1/unlzma.1.gz unlzma.1.gz /usr/share/man/man1/unxz.1.gz --slave /usr/bin/lzcat lzcat /usr/bin/xzcat --slave /usr/share/man/man1/lzcat.1.gz lzcat.1.gz /usr/share/man/man1/xzcat.1.gz --slave /usr/bin/lzmore lzmore /usr/bin/xzmore --slave /usr/share/man/man1/lzmore.1.gz lzmore.1.gz /usr/share/man/man1/xzmore.1.gz --slave /usr/bin/lzless lzless /usr/bin/xzless --slave /usr/share/man/man1/lzless.1.gz lzless.1.gz /usr/share/man/man1/xzless.1.gz --slave /usr/bin/lzdiff lzdiff /usr/bin/xzdiff --slave /usr/share/man/man1/lzdiff.1.gz lzdiff.1.gz /usr/share/man/man1/xzdiff.1.gz --slave /usr/bin/lzcmp lzcmp /usr/bin/xzcmp --slave /usr/share/man/man1/lzcmp.1.gz lzcmp.1.gz /usr/share/man/man1/xzcmp.1.gz --slave /usr/bin/lzgrep lzgrep /usr/bin/xzgrep --slave /usr/share/man/man1/lzgrep.1.gz lzgrep.1.gz /usr/share/man/man1/xzgrep.1.gz --slave /usr/bin/lzegrep lzegrep /usr/bin/xzegrep --slave /usr/share/man/man1/lzegrep.1.gz lzegrep.1.gz /usr/share/man/man1/xzegrep.1.gz --slave /usr/bin/lzfgrep lzfgrep /usr/bin/xzfgrep --slave /usr/share/man/man1/lzfgrep.1.gz lzfgrep.1.gz /usr/share/man/man1/xzfgrep.1.gz
update-alternatives 2017-12-01 01:43:09: link group lzma updated to point to /usr/bin/xz
update-alternatives 2017-12-01 01:43:11: run with --quiet --install /lib/cpp cpp /usr/bin/cpp 10
update-alternatives 2017-12-01 01:43:11: link group cpp updated to point to /usr/bin/cpp
update-alternatives 2017-12-01 01:43:11: run with --quiet --install /usr/bin/cc cc /usr/bin/gcc 20
update-alternatives 2017-12-01 01:43:11: link group cc updated to point to /usr/bin/gcc
update-alternatives 2017-12-01 01:43:11: run with --quiet --install /usr/bin/c89 c89 /usr/bin/c89-gcc 20 --slave /usr/share/man/man1/c89.1.gz c89.1.gz /usr/share/man/man1/c89-gcc.1.gz
update-alternatives 2017-12-01 01:43:11: link group c89 updated to point to /usr/bin/c89-gcc
update-alternatives 2017-12-01 01:43:11: run with --quiet --install /usr/bin/c99 c99 /usr/bin/c99-gcc 20 --slave /usr/share/man/man1/c99.1.gz c99.1.gz /usr/share/man/man1/c99-gcc.1.gz
update-alternatives 2017-12-01 01:43:11: link group c99 updated to point to /usr/bin/c99-gcc
update-alternatives 2017-12-01 01:43:11: run with --install /usr/bin/c++ c++ /usr/bin/g++ 20
update-alternatives 2017-12-01 01:43:11: link group c++ updated to point to /usr/bin/g++
update-alternatives 2017-12-01 02:55:38: run with --install /usr/bin/write write /usr/bin/bsd-write 100 --slave /usr/share/man/man1/write.1.gz write.1.gz /usr/share/man/man1/bsd-write.1.gz
update-alternatives 2017-12-01 02:55:38: link group write updated to point to /usr/bin/bsd-write
update-alternatives 2017-12-01 02:55:38: run with --install /usr/bin/from from /usr/bin/bsd-from 10 --slave /usr/share/man/man1/from.1.gz from.1.gz /usr/share/man/man1/bsd-from.1.gz
update-alternatives 2017-12-01 02:55:38: link group from updated to point to /usr/bin/bsd-from
update-alternatives 2017-12-01 02:57:37: run with --remove write /usr/bin/bsd-write
update-alternatives 2017-12-01 02:57:37: link group write fully removed
update-alternatives 2017-12-01 02:57:37: run with --remove from /usr/bin/bsd-from
update-alternatives 2017-12-01 02:57:37: link group from fully removed
update-alternatives 2017-12-03 09:19:33: run with --quiet --install /usr/bin/awk awk /usr/bin/gawk 10 --slave /usr/share/man/man1/awk.1.gz awk.1.gz /usr/share/man/man1/gawk.1.gz --slave /usr/bin/nawk nawk /usr/bin/gawk --slave /usr/share/man/man1/nawk.1.gz nawk.1.gz /usr/share/man/man1/gawk.1.gz
update-alternatives 2017-12-03 09:19:33: link group awk updated to point to /usr/bin/gawk
update-alternatives 2017-12-03 09:20:06: run with --install /usr/lib/x86_64-linux-gnu/libtxc_dxtn.so libtxc-dxtn-x86_64-linux-gnu /usr/lib/x86_64-linux-gnu/libtxc_dxtn_s2tc.so.0 10
update-alternatives 2017-12-03 09:20:06: link group libtxc-dxtn-x86_64-linux-gnu updated to point to /usr/lib/x86_64-linux-gnu/libtxc_dxtn_s2tc.so.0
update-alternatives 2017-12-03 09:20:06: run with --quiet --install /usr/bin/pager pager /bin/less 77 --slave /usr/share/man/man1/pager.1.gz pager.1.gz /usr/share/man/man1/less.1.gz
update-alternatives 2017-12-03 09:20:06: link group pager updated to point to /bin/less
update-alternatives 2017-12-03 09:20:06: run with --quiet --remove pager /usr/bin/less
update-alternatives 2017-12-03 09:20:07: run with --quiet --install /usr/bin/pager pager /bin/less 77 --slave /usr/share/man/man1/pager.1.gz pager.1.gz /usr/share/man/man1/less.1.gz
update-alternatives 2017-12-03 09:20:07: run with --quiet --remove pager /usr/bin/less
update-alternatives 2017-12-03 09:20:07: run with --quiet --install /usr/bin/rsh rsh /usr/bin/ssh 20 --slave /usr/share/man/man1/rsh.1.gz rsh.1.gz /usr/share/man/man1/ssh.1.gz
update-alternatives 2017-12-03 09:20:07: link group rsh updated to point to /usr/bin/ssh
update-alternatives 2017-12-03 09:20:07: run with --quiet --install /usr/bin/rlogin rlogin /usr/bin/slogin 20 --slave /usr/share/man/man1/rlogin.1.gz rlogin.1.gz /usr/share/man/man1/slogin.1.gz
update-alternatives 2017-12-03 09:20:07: link group rlogin updated to point to /usr/bin/slogin
update-alternatives 2017-12-03 09:20:07: run with --quiet --install /usr/bin/rcp rcp /usr/bin/scp 20 --slave /usr/share/man/man1/rcp.1.gz rcp.1.gz /usr/share/man/man1/scp.1.gz
update-alternatives 2017-12-03 09:20:07: link group rcp updated to point to /usr/bin/scp
update-alternatives 2017-12-03 09:20:09: run with --install /usr/bin/ctags ctags /usr/bin/ctags.emacs24 27 --slave /usr/share/man/man1/ctags.1.gz ctags.1.gz /usr/share/man/man1/ctags.emacs24.1.gz
update-alternatives 2017-12-03 09:20:09: link group ctags updated to point to /usr/bin/ctags.emacs24
update-alternatives 2017-12-03 09:20:09: run with --install /usr/bin/ebrowse ebrowse /usr/bin/ebrowse.emacs24 27 --slave /usr/share/man/man1/ebrowse.1.gz ebrowse.1.gz /usr/share/man/man1/ebrowse.emacs24.1.gz
update-alternatives 2017-12-03 09:20:09: link group ebrowse updated to point to /usr/bin/ebrowse.emacs24
update-alternatives 2017-12-03 09:20:09: run with --install /usr/bin/emacsclient emacsclient /usr/bin/emacsclient.emacs24 27 --slave /usr/share/man/man1/emacsclient.1.gz emacsclient.1.gz /usr/share/man/man1/emacsclient.emacs24.1.gz
update-alternatives 2017-12-03 09:20:09: link group emacsclient updated to point to /usr/bin/emacsclient.emacs24
update-alternatives 2017-12-03 09:20:09: run with --install /usr/bin/etags etags /usr/bin/etags.emacs24 27 --slave /usr/share/man/man1/etags.1.gz etags.1.gz /usr/share/man/man1/etags.emacs24.1.gz
update-alternatives 2017-12-03 09:20:09: link group etags updated to point to /usr/bin/etags.emacs24
update-alternatives 2017-12-03 09:20:09: run with --install /usr/bin/grep-changelog grep-changelog /usr/bin/grep-changelog.emacs24 27 --slave /usr/share/man/man1/grep-changelog.1.gz grep-changelog.1.gz /usr/share/man/man1/grep-changelog.emacs24.1.gz
update-alternatives 2017-12-03 09:20:09: link group grep-changelog updated to point to /usr/bin/grep-changelog.emacs24
update-alternatives 2017-12-03 09:20:19: run with --install /usr/bin/x-terminal-emulator x-terminal-emulator /usr/bin/xterm 20 --slave /usr/share/man/man1/x-terminal-emulator.1.gz x-terminal-emulator.1.gz /usr/share/man/man1/xterm.1.gz
update-alternatives 2017-12-03 09:20:19: link group x-terminal-emulator updated to point to /usr/bin/xterm
update-alternatives 2017-12-03 09:20:19: run with --install /usr/bin/x-terminal-emulator x-terminal-emulator /usr/bin/uxterm 20 --slave /usr/share/man/man1/x-terminal-emulator.1.gz x-terminal-emulator.1.gz /usr/share/man/man1/uxterm.1.gz
update-alternatives 2017-12-03 09:20:19: run with --install /usr/bin/x-terminal-emulator x-terminal-emulator /usr/bin/koi8rxterm 20 --slave /usr/share/man/man1/x-terminal-emulator.1.gz x-terminal-emulator.1.gz /usr/share/man/man1/koi8rxterm.1.gz
update-alternatives 2017-12-03 09:20:19: run with --install /usr/bin/x-terminal-emulator x-terminal-emulator /usr/bin/lxterm 30 --slave /usr/share/man/man1/x-terminal-emulator.1.gz x-terminal-emulator.1.gz /usr/share/man/man1/lxterm.1.gz
update-alternatives 2017-12-03 09:20:19: link group x-terminal-emulator updated to point to /usr/bin/lxterm
update-alternatives 2017-12-03 09:20:21: run with --install /usr/bin/emacs emacs /usr/bin/emacs24-x 27 --slave /usr/share/man/man1/emacs.1.gz emacs.1.gz /usr/share/man/man1/emacs.emacs24.1.gz --slave /usr/share/icons/hicolor/scalable/apps/emacs.svg emacs.svg /usr/share/icons/hicolor/scalable/apps/emacs24.svg --slave /usr/share/icons/hicolor/scalable/mimetypes/emacs-document.svg emacs-document.svg /usr/share/icons/hicolor/scalable/mimetypes/emacs24-document.svg --slave /usr/share/icons/hicolor/16x16/apps/emacs.png emacs-16x16.png /usr/share/icons/hicolor/16x16/apps/emacs24.png --slave /usr/share/icons/hicolor/24x24/apps/emacs.png emacs-24x24.png /usr/share/icons/hicolor/24x24/apps/emacs24.png --slave /usr/share/icons/hicolor/32x32/apps/emacs.png emacs-32x32.png /usr/share/icons/hicolor/32x32/apps/emacs24.png --slave /usr/share/icons/hicolor/48x48/apps/emacs.png emacs-48x48.png /usr/share/icons/hicolor/48x48/apps/emacs24.png --slave /usr/share/icons/hicolor/128x128/apps/emacs.png emacs-128x128.png /usr/share/icons/hicolor/128x128/apps/emacs24.png
update-alternatives 2017-12-03 09:20:21: link group emacs updated to point to /usr/bin/emacs24-x
update-alternatives 2017-12-03 09:20:21: run with --install /usr/bin/editor editor /usr/bin/emacs24 0 --slave /usr/share/man/man1/editor.1.gz editor.1.gz /usr/share/man/man1/emacs.emacs24.1.gz
update-alternatives 2017-12-03 09:20:21: link group editor updated to point to /usr/bin/emacs24
